app/build/intermediates/manifest_merge_blame_file/debug/manifest-merger-blame-debug-report.txt
1<?xml version="1.0" encoding="utf-8"?>
2<manifest xmlns:android="http://schemas.android.com/apk/res/android"
3    package="com.example.missileDefender"
4    android:versionCode="1"
5    android:versionName="1.0" >
6
7    <uses-sdk
8        android:minSdkVersion="23"
8-->src\main\AndroidManifest.xml
9        android:targetSdkVersion="29" />
9-->src\main\AndroidManifest.xml
10
11    <uses-permission android:name="android.permission.INTERNET" />
11-->src\main\AndroidManifest.xml:5:5-66
11-->src\main\AndroidManifest.xml:5:22-64
12    <uses-permission android:name="android.permission.ACCESS_WIFI_STATE" />
12-->src\main\AndroidManifest.xml:6:5-75
12-->src\main\AndroidManifest.xml:6:22-73
13
14    <application
14-->src\main\AndroidManifest.xml:7:5-28:19
15        android:allowBackup="true"
15-->src\main\AndroidManifest.xml:8:9-35
16        android:appComponentFactory="androidx.core.app.CoreComponentFactory"
16-->[androidx.core:core:1.1.0] AndroidManifest.xml:24:18-86
17        android:debuggable="true"
18        android:icon="@drawable/launcher"
18-->src\main\AndroidManifest.xml:9:9-42
19        android:label="@string/app_name"
19-->src\main\AndroidManifest.xml:10:9-41
20        android:roundIcon="@drawable/launcher"
20-->src\main\AndroidManifest.xml:11:9-47
21        android:supportsRtl="true"
21-->src\main\AndroidManifest.xml:12:9-35
22        android:testOnly="true"
23        android:theme="@style/AppTheme" >
23-->src\main\AndroidManifest.xml:13:9-40
24        <activity
24-->src\main\AndroidManifest.xml:14:9-16:20
25            android:name="com.example.missileDefender.GameOver"
25-->src\main\AndroidManifest.xml:14:19-43
26            android:screenOrientation="landscape" >
26-->src\main\AndroidManifest.xml:15:13-50
27        </activity>
28        <activity
28-->src\main\AndroidManifest.xml:17:9-19:62
29            android:name="com.example.missileDefender.MainActivity"
29-->src\main\AndroidManifest.xml:18:13-41
30            android:screenOrientation="landscape" />
30-->src\main\AndroidManifest.xml:19:13-50
31        <activity
31-->src\main\AndroidManifest.xml:20:9-27:20
32            android:name="com.example.missileDefender.SplashActivity"
32-->src\main\AndroidManifest.xml:21:13-43
33            android:screenOrientation="landscape" >
33-->src\main\AndroidManifest.xml:22:13-50
34            <intent-filter>
34-->src\main\AndroidManifest.xml:23:13-26:29
35                <action android:name="android.intent.action.MAIN" />
35-->src\main\AndroidManifest.xml:24:17-69
35-->src\main\AndroidManifest.xml:24:25-66
36
37                <category android:name="android.intent.category.LAUNCHER" />
37-->src\main\AndroidManifest.xml:25:17-77
37-->src\main\AndroidManifest.xml:25:27-74
38            </intent-filter>
39        </activity>
40    </application>
41
42</manifest>